<?xml version="1.0" encoding="UTF-8"?>
<!-- Generated by org.testng.reporters.JUnitReportReporter -->
<testsuite hostname="DESKTOP-CT40R2Q" failures="0" tests="1" name="testCases.TC001_AccountRegistrationTest" time="3.285" errors="0" timestamp="2025-04-04T09:06:29 IST" skipped="0">
  <testcase classname="testCases.TC001_AccountRegistrationTest" name="verify_account_registration" time="3.285"/>
</testsuite> <!-- testCases.TC001_AccountRegistrationTest -->
